<?xml version="1.0" encoding="UTF-8"?>
<!-- Generated by org.testng.reporters.JUnitReportReporter -->
<testsuite hostname="Zeeshan-PC" failures="0" tests="5" name="empg_labs.assessment.AssesmentOLX" time="19.334" errors="0" timestamp="2021-12-28T22:22:10 GMT+05:00" skipped="0">
  <testcase classname="empg_labs.assessment.AssesmentOLX" name="verifyURL" time="0.017"/>
  <system-out/>
  <testcase classname="empg_labs.assessment.AssesmentOLX" name="navigateToMobileCategory" time="10.494"/>
  <system-out/>
  <testcase classname="empg_labs.assessment.AssesmentOLX" name="filterListingsByPrice" time="3.349"/>
  <system-out/>
  <testcase classname="empg_labs.assessment.AssesmentOLX" name="validateResultsInPriceRange" time="0.258"/>
  <system-out/>
  <testcase classname="empg_labs.assessment.AssesmentOLX" name="validateResultsAreFromMobileCategory" time="5.216"/>
  <system-out/>
</testsuite> <!-- empg_labs.assessment.AssesmentOLX -->
